==959== Memcheck, a memory error detector
==959== Copyright (C) 2002-2017, and GNU GPL'd, by Julian Seward et al.
==959== Using Valgrind-3.15.0 and LibVEX; rerun with -h for copyright info
==959== Command: ./hsh
==959== Parent PID: 853
==959== 
==959== Invalid free() / delete / delete[] / realloc()
==959==    at 0x483CA3F: free (in /usr/lib/x86_64-linux-gnu/valgrind/vgpreload_memcheck-amd64-linux.so)
==959==    by 0x10ADAA: main (in /root/simple_shell/hsh)
==959==  Address 0x4a49540 is 0 bytes inside a block of size 24 free'd
==959==    at 0x483CA3F: free (in /usr/lib/x86_64-linux-gnu/valgrind/vgpreload_memcheck-amd64-linux.so)
==959==    by 0x10AC0C: free_tokens (in /root/simple_shell/hsh)
==959==    by 0x109D1C: execute_echo (in /root/simple_shell/hsh)
==959==    by 0x1099BE: builtin (in /root/simple_shell/hsh)
==959==    by 0x10AD37: main (in /root/simple_shell/hsh)
==959==  Block was alloc'd at
==959==    at 0x483B7F3: malloc (in /usr/lib/x86_64-linux-gnu/valgrind/vgpreload_memcheck-amd64-linux.so)
==959==    by 0x10AE5F: custom_tokenize (in /root/simple_shell/hsh)
==959==    by 0x10AD20: main (in /root/simple_shell/hsh)
==959== 
==959== 
==959== HEAP SUMMARY:
==959==     in use at exit: 638 bytes in 36 blocks
==959==   total heap usage: 85 allocs, 50 frees, 2,678 bytes allocated
==959== 
==959== 24 bytes in 4 blocks are definitely lost in loss record 1 of 5
==959==    at 0x483B7F3: malloc (in /usr/lib/x86_64-linux-gnu/valgrind/vgpreload_memcheck-amd64-linux.so)
==959==    by 0x1097F7: _strdup (in /root/simple_shell/hsh)
==959==    by 0x10AECE: custom_tokenize (in /root/simple_shell/hsh)
==959==    by 0x10AD20: main (in /root/simple_shell/hsh)
==959== 
==959== 44 bytes in 8 blocks are definitely lost in loss record 2 of 5
==959==    at 0x483B7F3: malloc (in /usr/lib/x86_64-linux-gnu/valgrind/vgpreload_memcheck-amd64-linux.so)
==959==    by 0x1097F7: _strdup (in /root/simple_shell/hsh)
==959==    by 0x10AECE: custom_tokenize (in /root/simple_shell/hsh)
==959==    by 0x10A0EB: lookup_path (in /root/simple_shell/hsh)
==959==    by 0x10AD4F: main (in /root/simple_shell/hsh)
==959== 
==959== 50 bytes in 4 blocks are definitely lost in loss record 3 of 5
==959==    at 0x483B7F3: malloc (in /usr/lib/x86_64-linux-gnu/valgrind/vgpreload_memcheck-amd64-linux.so)
==959==    by 0x1097F7: _strdup (in /root/simple_shell/hsh)
==959==    by 0x10A1AC: lookup_path (in /root/simple_shell/hsh)
==959==    by 0x10AD4F: main (in /root/simple_shell/hsh)
==959== 
==959== 256 bytes in 16 blocks are definitely lost in loss record 4 of 5
==959==    at 0x483B7F3: malloc (in /usr/lib/x86_64-linux-gnu/valgrind/vgpreload_memcheck-amd64-linux.so)
==959==    by 0x109751: _realloc (in /root/simple_shell/hsh)
==959==    by 0x109FCE: concatenate_path (in /root/simple_shell/hsh)
==959==    by 0x10A142: lookup_path (in /root/simple_shell/hsh)
==959==    by 0x10AD4F: main (in /root/simple_shell/hsh)
==959== 
==959== 264 bytes in 4 blocks are definitely lost in loss record 5 of 5
==959==    at 0x483B7F3: malloc (in /usr/lib/x86_64-linux-gnu/valgrind/vgpreload_memcheck-amd64-linux.so)
==959==    by 0x1097F7: _strdup (in /root/simple_shell/hsh)
==959==    by 0x10A495: custom_getenv (in /root/simple_shell/hsh)
==959==    by 0x10A0A9: lookup_path (in /root/simple_shell/hsh)
==959==    by 0x10AD4F: main (in /root/simple_shell/hsh)
==959== 
==959== LEAK SUMMARY:
==959==    definitely lost: 638 bytes in 36 blocks
==959==    indirectly lost: 0 bytes in 0 blocks
==959==      possibly lost: 0 bytes in 0 blocks
==959==    still reachable: 0 bytes in 0 blocks
==959==         suppressed: 0 bytes in 0 blocks
==959== 
==959== For lists of detected and suppressed errors, rerun with: -s
==959== ERROR SUMMARY: 6 errors from 6 contexts (suppressed: 0 from 0)
